mode: set
exmple.com/database-query-server/internal/handlers/main.go:10.71,14.2 1 1
exmple.com/database-query-server/internal/handlers/query.go:17.136,19.2 1 0
exmple.com/database-query-server/internal/handlers/query.go:21.139,24.16 2 1
exmple.com/database-query-server/internal/handlers/query.go:24.16,26.3 1 1
exmple.com/database-query-server/internal/handlers/query.go:28.2,30.16 3 1
exmple.com/database-query-server/internal/handlers/query.go:30.16,32.3 1 0
exmple.com/database-query-server/internal/handlers/query.go:33.2,34.21 2 1
exmple.com/database-query-server/internal/handlers/query.go:35.14,38.17 3 1
exmple.com/database-query-server/internal/handlers/query.go:38.17,40.4 1 0
exmple.com/database-query-server/internal/handlers/query.go:41.13,44.17 3 1
exmple.com/database-query-server/internal/handlers/query.go:44.17,46.4 1 0
exmple.com/database-query-server/internal/handlers/query.go:47.15,48.35 1 0
exmple.com/database-query-server/internal/handlers/query.go:49.10,50.65 1 1
exmple.com/database-query-server/internal/handlers/query.go:53.2,57.22 2 1
exmple.com/database-query-server/internal/handlers/query.go:60.64,62.16 2 1
exmple.com/database-query-server/internal/handlers/query.go:62.16,64.3 1 0
exmple.com/database-query-server/internal/handlers/query.go:65.2,65.26 1 1
exmple.com/database-query-server/internal/handlers/query.go:68.63,69.20 1 1
exmple.com/database-query-server/internal/handlers/query.go:69.20,71.3 1 0
exmple.com/database-query-server/internal/handlers/query.go:74.2,75.27 2 1
exmple.com/database-query-server/internal/handlers/query.go:75.27,77.3 1 1
exmple.com/database-query-server/internal/handlers/query.go:80.2,86.46 4 1
exmple.com/database-query-server/internal/handlers/query.go:86.46,88.3 1 0
exmple.com/database-query-server/internal/handlers/query.go:91.2,91.27 1 1
exmple.com/database-query-server/internal/handlers/query.go:91.27,93.34 2 1
exmple.com/database-query-server/internal/handlers/query.go:93.34,94.48 1 1
exmple.com/database-query-server/internal/handlers/query.go:94.48,95.28 1 1
exmple.com/database-query-server/internal/handlers/query.go:96.17,97.19 1 1
exmple.com/database-query-server/internal/handlers/query.go:98.23,99.28 1 0
exmple.com/database-query-server/internal/handlers/query.go:100.41,101.38 1 1
exmple.com/database-query-server/internal/handlers/query.go:102.27,103.78 1 1
exmple.com/database-query-server/internal/handlers/query.go:104.15,105.39 1 1
exmple.com/database-query-server/internal/handlers/query.go:106.13,107.38 1 0
exmple.com/database-query-server/internal/handlers/query.go:111.3,111.46 1 1
exmple.com/database-query-server/internal/handlers/query.go:111.46,113.4 1 0
exmple.com/database-query-server/internal/handlers/query.go:116.2,117.39 2 1
exmple.com/database-query-server/internal/handlers/query.go:117.39,119.3 1 0
exmple.com/database-query-server/internal/handlers/query.go:121.2,121.26 1 1
exmple.com/database-query-server/cmd/server/main.go:15.13,18.16 2 0
exmple.com/database-query-server/cmd/server/main.go:18.16,21.3 2 0
exmple.com/database-query-server/cmd/server/main.go:23.2,57.50 7 0
exmple.com/database-query-server/cmd/server/main.go:57.50,59.3 1 0
exmple.com/database-query-server/internal/repository/main.go:14.33,18.16 2 0
exmple.com/database-query-server/internal/repository/main.go:18.16,20.3 1 0
exmple.com/database-query-server/internal/repository/main.go:22.2,22.40 1 0
exmple.com/database-query-server/internal/database/postgres.go:23.52,28.16 3 0
exmple.com/database-query-server/internal/database/postgres.go:28.16,31.3 2 0
exmple.com/database-query-server/internal/database/postgres.go:33.2,35.8 1 0
exmple.com/database-query-server/internal/database/postgres.go:39.123,47.16 6 1
exmple.com/database-query-server/internal/database/postgres.go:47.16,49.3 1 0
exmple.com/database-query-server/internal/database/postgres.go:50.2,53.21 2 1
exmple.com/database-query-server/internal/database/postgres.go:53.21,56.25 2 1
exmple.com/database-query-server/internal/database/postgres.go:56.25,59.4 2 1
exmple.com/database-query-server/internal/database/postgres.go:60.3,61.17 2 1
exmple.com/database-query-server/internal/database/postgres.go:61.17,63.4 1 0
exmple.com/database-query-server/internal/database/postgres.go:64.8,66.17 2 0
exmple.com/database-query-server/internal/database/postgres.go:66.17,68.4 1 0
exmple.com/database-query-server/internal/database/postgres.go:71.2,72.16 2 1
exmple.com/database-query-server/internal/database/postgres.go:72.16,74.3 1 0
exmple.com/database-query-server/internal/database/postgres.go:76.2,76.23 1 1
exmple.com/database-query-server/internal/database/postgres.go:76.23,83.3 3 0
exmple.com/database-query-server/internal/database/postgres.go:83.8,85.19 1 1
exmple.com/database-query-server/internal/database/postgres.go:85.19,88.26 3 1
exmple.com/database-query-server/internal/database/postgres.go:88.26,90.5 1 1
exmple.com/database-query-server/internal/database/postgres.go:91.4,91.49 1 1
exmple.com/database-query-server/internal/database/postgres.go:91.49,95.5 1 0
exmple.com/database-query-server/internal/database/postgres.go:96.4,97.31 2 1
exmple.com/database-query-server/internal/database/postgres.go:97.31,99.5 1 1
exmple.com/database-query-server/internal/database/postgres.go:100.4,100.40 1 1
exmple.com/database-query-server/internal/database/postgres.go:107.2,108.16 2 1
exmple.com/database-query-server/internal/database/postgres.go:108.16,110.3 1 0
exmple.com/database-query-server/internal/database/postgres.go:113.2,113.35 1 1
exmple.com/database-query-server/internal/database/postgres.go:113.35,115.3 1 0
exmple.com/database-query-server/internal/database/postgres.go:118.2,119.21 2 1
exmple.com/database-query-server/internal/database/postgres_mock.go:12.114,17.2 1 0
exmple.com/database-query-server/internal/database/postgres_mock.go:19.132,25.2 4 0
