mode: set
exmple.com/database-query-server/cmd/server/main.go:15.13,18.16 2 0
exmple.com/database-query-server/cmd/server/main.go:18.16,21.3 2 0
exmple.com/database-query-server/cmd/server/main.go:23.2,68.50 8 0
exmple.com/database-query-server/cmd/server/main.go:68.50,70.3 1 0
exmple.com/database-query-server/internal/handlers/main.go:10.71,14.2 1 1
exmple.com/database-query-server/internal/handlers/query.go:20.137,23.16 3 1
exmple.com/database-query-server/internal/handlers/query.go:23.16,25.3 1 0
exmple.com/database-query-server/internal/handlers/query.go:27.2,28.16 2 1
exmple.com/database-query-server/internal/handlers/query.go:28.16,30.3 1 0
exmple.com/database-query-server/internal/handlers/query.go:32.2,37.22 2 1
exmple.com/database-query-server/internal/handlers/query.go:41.139,44.16 2 1
exmple.com/database-query-server/internal/handlers/query.go:44.16,46.3 1 1
exmple.com/database-query-server/internal/handlers/query.go:48.2,50.16 3 1
exmple.com/database-query-server/internal/handlers/query.go:50.16,52.3 1 0
exmple.com/database-query-server/internal/handlers/query.go:53.2,54.21 2 1
exmple.com/database-query-server/internal/handlers/query.go:55.14,57.17 2 1
exmple.com/database-query-server/internal/handlers/query.go:57.17,59.4 1 0
exmple.com/database-query-server/internal/handlers/query.go:60.13,62.17 2 1
exmple.com/database-query-server/internal/handlers/query.go:62.17,64.4 1 0
exmple.com/database-query-server/internal/handlers/query.go:65.15,67.17 2 1
exmple.com/database-query-server/internal/handlers/query.go:67.17,69.4 1 0
exmple.com/database-query-server/internal/handlers/query.go:70.10,71.65 1 1
exmple.com/database-query-server/internal/handlers/query.go:74.2,79.22 2 1
exmple.com/database-query-server/internal/handlers/query.go:82.145,91.16 3 0
exmple.com/database-query-server/internal/handlers/query.go:91.16,93.3 1 0
exmple.com/database-query-server/internal/handlers/query.go:94.2,95.21 2 0
exmple.com/database-query-server/internal/handlers/query.go:96.14,98.17 2 0
exmple.com/database-query-server/internal/handlers/query.go:98.17,100.4 1 0
exmple.com/database-query-server/internal/handlers/query.go:101.13,103.17 2 0
exmple.com/database-query-server/internal/handlers/query.go:103.17,105.4 1 0
exmple.com/database-query-server/internal/handlers/query.go:106.15,108.17 2 0
exmple.com/database-query-server/internal/handlers/query.go:108.17,110.4 1 0
exmple.com/database-query-server/internal/handlers/query.go:111.10,112.65 1 0
exmple.com/database-query-server/internal/handlers/query.go:115.2,120.22 2 0
exmple.com/database-query-server/internal/handlers/query.go:124.64,126.16 2 1
exmple.com/database-query-server/internal/handlers/query.go:126.16,128.3 1 0
exmple.com/database-query-server/internal/handlers/query.go:129.2,129.26 1 1
exmple.com/database-query-server/internal/handlers/query.go:133.63,134.20 1 1
exmple.com/database-query-server/internal/handlers/query.go:134.20,136.3 1 0
exmple.com/database-query-server/internal/handlers/query.go:139.2,140.27 2 1
exmple.com/database-query-server/internal/handlers/query.go:140.27,142.3 1 1
exmple.com/database-query-server/internal/handlers/query.go:145.2,151.46 4 1
exmple.com/database-query-server/internal/handlers/query.go:151.46,153.3 1 0
exmple.com/database-query-server/internal/handlers/query.go:156.2,156.27 1 1
exmple.com/database-query-server/internal/handlers/query.go:156.27,158.34 2 1
exmple.com/database-query-server/internal/handlers/query.go:158.34,159.48 1 1
exmple.com/database-query-server/internal/handlers/query.go:159.48,160.28 1 1
exmple.com/database-query-server/internal/handlers/query.go:161.17,162.19 1 1
exmple.com/database-query-server/internal/handlers/query.go:163.23,164.28 1 0
exmple.com/database-query-server/internal/handlers/query.go:165.41,166.38 1 1
exmple.com/database-query-server/internal/handlers/query.go:167.27,168.78 1 1
exmple.com/database-query-server/internal/handlers/query.go:169.15,170.39 1 1
exmple.com/database-query-server/internal/handlers/query.go:171.13,172.38 1 0
exmple.com/database-query-server/internal/handlers/query.go:176.3,176.46 1 1
exmple.com/database-query-server/internal/handlers/query.go:176.46,178.4 1 0
exmple.com/database-query-server/internal/handlers/query.go:181.2,182.39 2 1
exmple.com/database-query-server/internal/handlers/query.go:182.39,184.3 1 0
exmple.com/database-query-server/internal/handlers/query.go:186.2,186.26 1 1
exmple.com/database-query-server/internal/handlers/query.go:192.67,199.20 3 1
exmple.com/database-query-server/internal/handlers/query.go:199.20,201.3 1 0
exmple.com/database-query-server/internal/handlers/query.go:204.2,205.25 2 1
exmple.com/database-query-server/internal/handlers/query.go:205.25,206.20 1 1
exmple.com/database-query-server/internal/handlers/query.go:206.20,208.4 1 1
exmple.com/database-query-server/internal/handlers/query.go:211.2,212.24 2 1
exmple.com/database-query-server/internal/handlers/query.go:212.24,214.3 1 1
exmple.com/database-query-server/internal/handlers/query.go:215.2,219.25 3 1
exmple.com/database-query-server/internal/handlers/query.go:219.25,223.3 3 1
exmple.com/database-query-server/internal/handlers/query.go:224.2,228.25 3 1
exmple.com/database-query-server/internal/handlers/query.go:228.25,230.26 2 1
exmple.com/database-query-server/internal/handlers/query.go:230.26,233.24 3 1
exmple.com/database-query-server/internal/handlers/query.go:233.24,236.5 1 1
exmple.com/database-query-server/internal/handlers/query.go:238.4,238.26 1 1
exmple.com/database-query-server/internal/handlers/query.go:240.3,240.25 1 1
exmple.com/database-query-server/internal/handlers/query.go:242.2,247.24 3 1
exmple.com/database-query-server/internal/repository/main.go:14.33,18.16 2 0
exmple.com/database-query-server/internal/repository/main.go:18.16,20.3 1 0
exmple.com/database-query-server/internal/repository/main.go:22.2,22.40 1 0
exmple.com/database-query-server/internal/database/postgres.go:24.52,29.16 3 0
exmple.com/database-query-server/internal/database/postgres.go:29.16,32.3 2 0
exmple.com/database-query-server/internal/database/postgres.go:34.2,36.8 1 0
exmple.com/database-query-server/internal/database/postgres.go:40.123,48.16 6 1
exmple.com/database-query-server/internal/database/postgres.go:48.16,50.3 1 0
exmple.com/database-query-server/internal/database/postgres.go:51.2,54.21 2 1
exmple.com/database-query-server/internal/database/postgres.go:54.21,57.25 2 1
exmple.com/database-query-server/internal/database/postgres.go:57.25,60.4 2 1
exmple.com/database-query-server/internal/database/postgres.go:61.3,62.17 2 1
exmple.com/database-query-server/internal/database/postgres.go:62.17,64.4 1 1
exmple.com/database-query-server/internal/database/postgres.go:65.8,67.17 2 1
exmple.com/database-query-server/internal/database/postgres.go:67.17,69.4 1 0
exmple.com/database-query-server/internal/database/postgres.go:72.2,73.16 2 1
exmple.com/database-query-server/internal/database/postgres.go:73.16,75.3 1 0
exmple.com/database-query-server/internal/database/postgres.go:77.2,79.23 2 1
exmple.com/database-query-server/internal/database/postgres.go:79.23,86.3 3 1
exmple.com/database-query-server/internal/database/postgres.go:86.8,88.19 1 1
exmple.com/database-query-server/internal/database/postgres.go:88.19,91.26 3 1
exmple.com/database-query-server/internal/database/postgres.go:91.26,93.5 1 1
exmple.com/database-query-server/internal/database/postgres.go:94.4,94.49 1 1
exmple.com/database-query-server/internal/database/postgres.go:94.49,98.5 1 0
exmple.com/database-query-server/internal/database/postgres.go:99.4,100.31 2 1
exmple.com/database-query-server/internal/database/postgres.go:100.31,102.5 1 1
exmple.com/database-query-server/internal/database/postgres.go:103.4,103.40 1 1
exmple.com/database-query-server/internal/database/postgres.go:108.3,109.17 2 1
exmple.com/database-query-server/internal/database/postgres.go:109.17,111.4 1 0
exmple.com/database-query-server/internal/database/postgres.go:114.3,114.36 1 1
exmple.com/database-query-server/internal/database/postgres.go:114.36,116.4 1 0
exmple.com/database-query-server/internal/database/postgres.go:120.2,121.21 2 1
exmple.com/database-query-server/internal/database/postgres.go:125.121,129.16 3 1
exmple.com/database-query-server/internal/database/postgres.go:129.16,131.3 1 1
exmple.com/database-query-server/internal/database/postgres.go:132.2,135.16 3 1
exmple.com/database-query-server/internal/database/postgres.go:135.16,137.3 1 0
exmple.com/database-query-server/internal/database/postgres.go:138.2,139.16 2 1
exmple.com/database-query-server/internal/database/postgres.go:139.16,141.3 1 0
exmple.com/database-query-server/internal/database/postgres.go:142.2,142.15 1 1
exmple.com/database-query-server/internal/database/postgres.go:142.15,145.3 2 0
exmple.com/database-query-server/internal/database/postgres.go:147.2,152.21 5 1
exmple.com/database-query-server/internal/database/postgres.go:156.103,164.16 6 1
exmple.com/database-query-server/internal/database/postgres.go:164.16,166.3 1 0
exmple.com/database-query-server/internal/database/postgres.go:167.2,171.24 3 1
exmple.com/database-query-server/internal/database/postgres.go:171.24,173.3 1 1
exmple.com/database-query-server/internal/database/postgres.go:174.2,175.16 2 1
exmple.com/database-query-server/internal/database/postgres.go:175.16,177.3 1 0
exmple.com/database-query-server/internal/database/postgres.go:178.2,181.16 3 1
exmple.com/database-query-server/internal/database/postgres.go:181.16,183.3 1 0
exmple.com/database-query-server/internal/database/postgres.go:185.2,185.18 1 1
exmple.com/database-query-server/internal/database/postgres.go:185.18,188.25 3 1
exmple.com/database-query-server/internal/database/postgres.go:188.25,190.4 1 1
exmple.com/database-query-server/internal/database/postgres.go:191.3,191.48 1 1
exmple.com/database-query-server/internal/database/postgres.go:191.48,195.4 1 0
exmple.com/database-query-server/internal/database/postgres.go:196.3,197.30 2 1
exmple.com/database-query-server/internal/database/postgres.go:197.30,199.4 1 1
exmple.com/database-query-server/internal/database/postgres.go:200.3,200.39 1 1
exmple.com/database-query-server/internal/database/postgres.go:206.2,207.16 2 1
exmple.com/database-query-server/internal/database/postgres.go:207.16,209.3 1 0
exmple.com/database-query-server/internal/database/postgres.go:212.2,212.35 1 1
exmple.com/database-query-server/internal/database/postgres.go:212.35,214.3 1 0
exmple.com/database-query-server/internal/database/postgres.go:215.2,215.21 1 1
exmple.com/database-query-server/internal/database/postgres.go:219.117,222.18 2 0
exmple.com/database-query-server/internal/database/postgres.go:222.18,225.25 3 0
exmple.com/database-query-server/internal/database/postgres.go:225.25,227.4 1 0
exmple.com/database-query-server/internal/database/postgres.go:228.3,228.48 1 0
exmple.com/database-query-server/internal/database/postgres.go:228.48,232.4 1 0
exmple.com/database-query-server/internal/database/postgres.go:233.3,234.30 2 0
exmple.com/database-query-server/internal/database/postgres.go:234.30,236.4 1 0
exmple.com/database-query-server/internal/database/postgres.go:237.3,237.39 1 0
exmple.com/database-query-server/internal/database/postgres.go:242.2,243.16 2 0
exmple.com/database-query-server/internal/database/postgres.go:243.16,245.3 1 0
exmple.com/database-query-server/internal/database/postgres.go:248.2,248.35 1 0
exmple.com/database-query-server/internal/database/postgres.go:248.35,250.3 1 0
exmple.com/database-query-server/internal/database/postgres.go:251.2,251.21 1 0
exmple.com/database-query-server/internal/database/postgres_mock.go:12.114,17.2 1 0
exmple.com/database-query-server/internal/database/postgres_mock.go:19.132,25.2 4 0
exmple.com/database-query-server/internal/database/postgres_mock.go:27.130,33.2 4 0
exmple.com/database-query-server/internal/database/postgres_mock.go:35.112,41.2 4 0
